AXIS 0
AXIS 1
AXIS 2
AXIS 3
AXIS 4
AXIS 5
AXIS 6
AXIS 7
AXIS 8
AXIS W
AXIS 10
AXIS 11
AXIS 12
AXIS 13
AXIS 14
AXIS 15
AXIS 16
AXIS 17
AXIS 18
AXIS 19
AXIS 20
AXIS 21
AXIS 22
AXIS 23
AXIS 24
AXIS 25
AXIS 26
ASSE X
ASSE Y
ASSE Z
ASSE U
AXIS 31
AXIS A
AXIS B
AXIS Cm
AXIS 35
AXIS 36
AXIS 37
AXIS 38
AXIS 39
AXIS 40
AXIS 41
AXIS 42
AXIS 43
AXIS 44
AXIS 45
AXIS 46
AXIS 47
AXIS 48
AXIS 49
AXIS 50
AXIS 51
ASSE 52
ASSE 53
AXIS Cs
AXIS 55
AXIS 56
AXIS 57
AXIS 58
AXIS 59
AXIS 60
AXIS 61
AXIS 62
AXIS 63
AXIS 64
AXIS 65
AXIS 66
AXIS 67
AXIS 68
AXIS 69
AXIS 70
AXIS 71
AXIS 72
AXIS 73
AXIS 74
AXIS 75
AXIS 76
AXIS 77
AXIS 78
AXIS 79
AXIS 80
AXIS 81
AXIS 82
AXIS 83
AXIS 84
AXIS 85
AXIS 86
AXIS 87
AXIS 88
AXIS 89
AXIS 90
AXIS 91
AXIS 92
AXIS 93
AXIS 94
AXIS 95
AXIS 96
AXIS 97
AXIS 98
AXIS 99
AXIS 100
AXIS 101
AXIS 102
AXIS 103
AXIS 104
AXIS 105
AXIS 106
AXIS 107
AXIS 108
AXIS 109
AXIS 110
AXIS 111
AXIS 112
AXIS 113
AXIS 114
AXIS 115
AXIS 116
AXIS 117
AXIS 118
AXIS 119
AXIS 120
AXIS 121
AXIS 122
AXIS 123
AXIS 124
AXIS 125
AXIS 126
AXIS 127

