ACHSE 0
ACHSE 1
ACHSE 2
ACHSE 3
ACHSE 4
ACHSE 5
ACHSE 6
ACHSE 7
ACHSE 8
ACHSE 9
ACHSE 10
ACHSE 11
ACHSE 12
ACHSE 13
ACHSE 14
ACHSE 15
ACHSE 16
ACHSE 17
ACHSE 18
ACHSE 19
ACHSE 20
ACHSE 21
ACHSE 22
ACHSE 23
ACHSE 24
ACHSE 25
ACHSE 26
ACHSE 27
ACHSE 28
ACHSE 29
ACHSE 30
ACHSE 31
ACHSE 32
ACHSE 33
ACHSE 34
ACHSE 35
ACHSE 36
ACHSE 37
ACHSE 38
ACHSE 39
ACHSE 40
ACHSE 41
ACHSE 42
ACHSE 43
ACHSE 44
ACHSE 45
ACHSE 46
ACHSE 47
ACHSE 48
ACHSE 49
ACHSE 50
ACHSE 51
ACHSE 52
ACHSE 53
ACHSE 54
ACHSE 55
ACHSE 56
ACHSE 57
ACHSE 58
ACHSE 59
ACHSE 60
ACHSE 61
ACHSE 62
ACHSE 63
ACHSE 64
ACHSE 65
ACHSE 66
ACHSE 67
ACHSE 68
ACHSE 69
ACHSE 70
ACHSE 71
ACHSE 72
ACHSE 73
ACHSE 74
ACHSE 75
ACHSE 76
ACHSE 77
ACHSE 78
ACHSE 79
ACHSE 80
ACHSE 81
ACHSE 82
ACHSE 83
ACHSE 84
ACHSE 85
ACHSE 86
ACHSE 87
ACHSE 88
ACHSE 89
ACHSE 90
ACHSE 91
ACHSE 92
ACHSE 93
ACHSE 94
ACHSE 95
ACHSE 96
ACHSE 97
ACHSE 98
ACHSE 99
ACHSE 100
ACHSE 101
ACHSE 102
ACHSE 103
ACHSE 104
ACHSE 105
ACHSE 106
ACHSE 107
ACHSE 108
ACHSE 109
ACHSE 110
ACHSE 111
ACHSE 112
ACHSE 113
ACHSE 114
ACHSE 115
ACHSE 116
ACHSE 117
ACHSE 118
ACHSE 119
ACHSE 120
ACHSE 121
ACHSE 122
ACHSE 123
ACHSE 124
ACHSE 125
ACHSE 126
ACHSE 127

