ASSE 0
ASSE 1
ASSE 2
ASSE 3
ASSE 4
ASSE 5
ASSE 6
ASSE 7
ASSE 8
ASSE W
ASSE 10
ASSE 11
ASSE 12
ASSE 13
ASSE 14
ASSE 15
ASSE 16
ASSE 17
ASSE 18
ASSE 19
ASSE 20
ASSE 21
ASSE 22
ASSE 23
ASSE 24
ASSE 25
ASSE 26
ASSE X
ASSE Y
ASSE Z
ASSE U
ASSE 31
AXIS A
AXIS B
AXIS Cm
ASSE 35
ASSE 36
ASSE 37
ASSE 38
ASSE 39
ASSE 40
ASSE 41
ASSE 42
ASSE 43
ASSE 44
ASSE 45
ASSE 46
ASSE 47
ASSE 48
ASSE 49
ASSE 50
ASSE 51
ASSE 52
ASSE 53
ASSE Cs
ASSE 55
ASSE 56
ASSE 57
ASSE 58
ASSE 59
ASSE 60
ASSE 61
ASSE 62
ASSE 63
ASSE 64
ASSE 65
ASSE 66
ASSE 67
ASSE 68
ASSE 69
ASSE 70
ASSE 71
ASSE 72
ASSE 73
ASSE 74
ASSE 75
ASSE 76
ASSE 77
ASSE 78
ASSE 79
ASSE 80
ASSE 81
ASSE 82
ASSE 83
ASSE 84
ASSE 85
ASSE 86
ASSE 87
ASSE 88
ASSE 89
ASSE 90
ASSE 91
ASSE 92
ASSE 93
ASSE 94
ASSE 95
ASSE 96
ASSE 97
ASSE 98
ASSE 99
ASSE 100
ASSE 101
ASSE 102
ASSE 103
ASSE 104
ASSE 105
ASSE 106
ASSE 107
ASSE 108
ASSE 109
ASSE 110
ASSE 111
ASSE 112
ASSE 113
ASSE 114
ASSE 115
ASSE 116
ASSE 117
ASSE 118
ASSE 119
ASSE 120
ASSE 121
ASSE 122
ASSE 123
ASSE 124
ASSE 125
ASSE 126
ASSE 127

