AXE 0
AXE 1
AXE 2
AXE 3
AXE 4
AXE 5
AXE 6
AXE 7
AXE 8
AXE 9
AXE 10
AXE 11
AXE 12
AXE 13
AXE 14
AXE 15
AXE 16
AXE 17
AXE 18
AXE 19
AXE 20
AXE 21
AXE 22
AXE 23
AXE 24
AXE 25
AXE 26
AXE 27
AXE 28
AXE 29
AXE 30
AXE 31
AXE 32
AXE 33
AXE 34
AXE 35
AXE 36
AXE 37
AXE 38
AXE 39
AXE 40
AXE 41
AXE 42
AXE 43
AXE 44
AXE 45
AXE 46
AXE 47
AXE 48
AXE 49
AXE 50
AXE 51
AXE 52
AXE 53
AXE 54
AXE 55
AXE 56
AXE 57
AXE 58
AXE 59
AXE 60
AXE 61
AXE 62
AXE 63
AXE 64
AXE 65
AXE 66
AXE 67
AXE 68
AXE 69
AXE 70
AXE 71
AXE 72
AXE 73
AXE 74
AXE 75
AXE 76
AXE 77
AXE 78
AXE 79
AXE 80
AXE 81
AXE 82
AXE 83
AXE 84
AXE 85
AXE 86
AXE 87
AXE 88
AXE 89
AXE 90
AXE 91
AXE 92
AXE 93
AXE 94
AXE 95
AXE 96
AXE 97
AXE 98
AXE 99
AXE 100
AXE 101
AXE 102
AXE 103
AXE 104
AXE 105
AXE 106
AXE 107
AXE 108
AXE 109
AXE 110
AXE 111
AXE 112
AXE 113
AXE 114
AXE 115
AXE 116
AXE 117
AXE 118
AXE 119
AXE 120
AXE 121
AXE 122
AXE 123
AXE 124
AXE 125
AXE 126
AXE 127

