EJE 0
EJE 1
EJE 2
EJE 3
EJE 4
EJE 5
EJE 6
EJE 7
EJE 8
EJE 9
EJE 10
EJE 11
EJE 12
EJE 13
EJE 14
EJE 15
EJE 16
EJE 17
EJE 18
EJE 19
EJE 20
EJE 21
EJE 22
EJE 23
EJE 24
EJE 25
EJE 26
EJE 27
EJE 28
EJE 29
EJE 30
EJE 31
EJE 32
EJE 33
EJE 34
EJE 35
EJE 36
EJE 37
EJE 38
EJE 39
EJE 40
EJE 41
EJE 42
EJE 43
EJE 44
EJE 45
EJE 46
EJE 47
EJE 48
EJE 49
EJE 50
EJE 51
EJE 52
EJE 53
EJE 54
EJE 55
EJE 56
EJE 57
EJE 58
EJE 59
EJE 60
EJE 61
EJE 62
EJE 63
EJE 64
EJE 65
EJE 66
EJE 67
EJE 68
EJE 69
EJE 70
EJE 71
EJE 72
EJE 73
EJE 74
EJE 75
EJE 76
EJE 77
EJE 78
EJE 79
EJE 80
EJE 81
EJE 82
EJE 83
EJE 84
EJE 85
EJE 86
EJE 87
EJE 88
EJE 89
EJE 90
EJE 91
EJE 92
EJE 93
EJE 94
EJE 95
EJE 96
EJE 97
EJE 98
EJE 99
EJE 100
EJE 101
EJE 102
EJE 103
EJE 104
EJE 105
EJE 106
EJE 107
EJE 108
EJE 109
EJE 110
EJE 111
EJE 112
EJE 113
EJE 114
EJE 115
EJE 116
EJE 117
EJE 118
EJE 119
EJE 120
EJE 121
EJE 122
EJE 123
EJE 124
EJE 125
EJE 126
EJE 127

