ор Y1
ор Y2
ор X1
ор X2
ор R1
ор R2
ор Z1
ор Z2
ор A1
ор A2
ор A3
ор A4
ор A5
ор A6
ор A7
ор A8
ор S1
ор S2
ор S3
ор S4
ор S5
ор S6
ор 22
ор 23
ор 24
ор 25
ор 26
ор 27
ор 28
ор 29
ор 30
ор 31
ор 32
ор 33
ор 34
ор 35
ор 36
ор 37
ор 38
ор 39
ор 40
ор 41
ор 42
ор 43
ор 44
ор 45
ор 46
ор 47
ор 48
ор 49
ор 50
ор 51
ор 52
ор 53
ор 54
ор 55
ор 56
ор 57
ор 58
ор 59
ор 60
ор 61
ор 62
ор 63
ор 64
ор 65
ор 66
ор 67
ор 68
ор 69
ор 70
ор 71
ор 72
ор 73
ор 74
ор 75
ор 76
ор 77
ор 78
ор 79
ор 80
ор 81
ор 82
ор 83
ор 84
ор 85
ор 86
ор 87
ор 88
ор 89
ор 90
ор 91
ор 92
ор 93
ор 94
ор 95
ор 96
ор 97
ор 98
ор 99
ор 100
ор 101
ор 102
ор 103
ор 104
ор 105
ор 106
ор 107
ор 108
ор 109
ор 110
ор 111
ор 112
ор 113
ор 114
ор 115
ор 116
ор 117
ор 118
ор 119
ор 120
ор 121
ор 122
ор 123
ор 124
ор 125
ор 126
ор 127

