Acquisizione non fattibile (Origine selezionata=0)  (769)
LISTE: sovrapposizione/intersezione pezzi           (770)
LISTE: pezzo fuori da zona di lavoro                (771)
Pallet in macchina non corretto                     (772)
Calibrazione con consistente                        (773)
LISTE: incongruenza dimensioni pezzo                (774)
DLL messaggio 7                                     (775)
Parametro L errato (G800)                           (776)
Tabella di lavoro errata (G650/G651/G834)           (777)
Cambio pallet non compatibile con liste di lavoro   (778) 
Numero database non esistente                       (779)
Pezzo fuori dai limiti assi                         (780)
Taglio tubo, selezionare origine 19                 (781)
Capacitivo fuori range, controllare sensore         (782) 
Altez. inferiore a 0.3mm                            (783)
Selezionata origine tubo, seleziona origine per piano (784)
Non permessa G254 con tubo selezionato              (785)
--(786)
Stand-off range error                               (787)
Surface tolerance error                             (788)
Tube out of range mobile (y)                        (789)
Tube out of range mobile (z)                        (790)
Tube out of range fix (y)                           (791)
Tube out of range fix (z)                           (792)
Dimensione Tubo Fuori Range                         (793)
Posizione mandrino Slave Fuori limite               (794)
Mandrini chiusi, aprire mandrini per permettere il carico tubo (795) 
I mandrini non sono entrambi chiusi o aperti        (796)
I mandrini non sono chiusi                          (797)
No Radius Defined On Shape, Check Program G2292     (798)
Saw Cut Parameters Wrong, Check Program G200        (799)