*Vedere [PhisErr.Txt] per informazioni sulla mappatura degli errori

#100
NO_ERROR    100
ER_REGCODE  101
ER_REGPARAM 102
ER_COMCODE  103
ER_COMBITS  104
ER_VELZERO  105
ER_VELMAX   106
ER_ACCNEG   107
ER_ACCZERO  108
ER_TRANEG   109
ER_TRAMAX   110
ER_KPSNEG   111
ER_KPSMIN   112
ER_FLWMIN   113
ER_FLWNEG   114
ER_TURRETT  115
ER_POSREV   116
ER_TYPEASSE 117
ER_VOLTS    118
ER_JOGOUT   119
ER_DISAB    120
Salto velocità eccessivo
#900
ER_PAR fb0
ER_PAR fb1
ER_PAR fb2
ER_PAR fb3
ER_PAR fb4
ER_PAR fb5
ER_PAR fb6
ER_PAR fb7
ER_PAR fb8
ER_PAR fb9
ER_PAR fb10
ER_PAR fb11
ER_PAR fb12
ER_PAR fb13
ER_PAR fb14
ER_PAR fb15

#998
ER_PACKETS  998
ER_VOUT     999

#1000
#include "axnam?.err"
