NODE 0
NODE 1
NODE 2
NODE 3
NODE 4
NODE 5
NODE 6
NODE 7
NODE 8
NODE 9
NODE 10
NODE 11
NODE 12
NODE 13
NODE 14
NODE 15
NODE 16
NODE 17
NODE 18
NODE 19
NODE 20
NODE 21
NODE 22
NODE 23
NODE 24
NODE 25
NODE 26
NODE 27
NODE 28
NODE 29
NODE 30
NODE 31
NODE 32
NODE 33
NODE 34
NODE 35
NODE 36
NODE 37
NODE 38
NODE 39
NODE 40
NODE 41
NODE 42
NODE 43
NODE 44
NODE 45
NODE 46
NODE 47
NODE 48
NODE 49
NODE 50
NODE 51
NODE 52
NODE 53
NODE 54
NODE 55
NODE 56
NODE 57
NODE 58
NODE 59
NODE 60
NODE 61
NODE 62
NODE 63
NODE 64
NODE 65
NODE 66
NODE 67
NODE 68
NODE 69
NODE 70
NODE 71
NODE 72
NODE 73
NODE 74
NODE 75
NODE 76
NODE 77
NODE 78
NODE 79
NODE 80
NODE 81
NODE 82
NODE 83
NODE 84
NODE 85
NODE 86
NODE 87
NODE 88
NODE 89
NODE 90
NODE 91
NODE 92
NODE 93
NODE 94
NODE 95
NODE 96
NODE 97
NODE 98
NODE 99
NODE 100
NODE 101
NODE 102
NODE 103
NODE 104
NODE 105
NODE 106
NODE 107
NODE 108
NODE 109
NODE 110
NODE 111
NODE 112
NODE 113
NODE 114
NODE 115
NODE 116
NODE 117
NODE 118
NODE 119
NODE 120
NODE 121
NODE 122
NODE 123
NODE 124
NODE 125
NODE 126
NODE 127
NODE 128
NODE 129
NODE 130
NODE 131
NODE 132
NODE 133
NODE 134
NODE 135
NODE 136
NODE 137
NODE 138
NODE 139
NODE 140
NODE 141
NODE 142
NODE 143
NODE 144
NODE 145
NODE 146
NODE 147
NODE 148
NODE 149
NODE 150
NODE 151
NODE 152
NODE 153
NODE 154
NODE 155
NODE 156
NODE 157
NODE 158
NODE 159
NODE 160
NODE 161
NODE 162
NODE 163
NODE 164
NODE 165
NODE 166
NODE 167
NODE 168
NODE 169
NODE 170
NODE 171
NODE 172
NODE 173
NODE 174
NODE 175
NODE 176
NODE 177
NODE 178
NODE 179
NODE 180
NODE 181
NODE 182
NODE 183
NODE 184
NODE 185
NODE 186
NODE 187
NODE 188
NODE 189
NODE 190
NODE 191
NODE 192
NODE 193
NODE 194
NODE 195
NODE 196
NODE 197
NODE 198
NODE 199
NODE 200
NODE 201
NODE 202
NODE 203
NODE 204
NODE 205
NODE 206
NODE 207
NODE 208
NODE 209
NODE 210
NODE 211
NODE 212
NODE 213
NODE 214
NODE 215
NODE 216
NODE 217
NODE 218
NODE 219
NODE 220
NODE 221
NODE 222
NODE 223
NODE 224
NODE 225
NODE 226
NODE 227
NODE 228
NODE 229
NODE 230
NODE 231
NODE 232
NODE 233
NODE 234
NODE 235
NODE 236
NODE 237
NODE 238
NODE 239
NODE 240
NODE 241
NODE 242
NODE 243
NODE 244
NODE 245
NODE 246
NODE 247
NODE 248
NODE 249
NODE 250
NODE 251
NODE 252
NODE 253
NODE 254
NODE 255
