NODO 0
NODO 1
NODO 2
NODO 3
NODO 4
NODO 5
NODO 6
NODO 7
NODO 8
NODO 9
NODO 10
NODO 11
NODO 12
NODO 13
NODO 14
NODO 15
NODO 16
NODO 17
NODO 18
NODO 19
NODO 20
NODO 21
NODO 22
NODO 23
NODO 24
NODO 25
NODO 26
NODO 27
NODO 28
NODO 29
NODO 30
NODO 31
NODO 32
NODO 33
NODO 34
NODO 35
NODO 36
NODO 37
NODO 38
NODO 39
NODO 40
NODO 41
NODO 42
NODO 43
NODO 44
NODO 45
NODO 46
NODO 47
NODO 48
NODO 49
NODO 50
NODO 51
NODO 52
NODO 53
NODO 54
NODO 55
NODO 56
NODO 57
NODO 58
NODO 59
NODO 60
NODO 61
NODO 62
NODO 63
NODO 64
NODO 65
NODO 66
NODO 67
NODO 68
NODO 69
NODO 70
NODO 71
NODO 72
NODO 73
NODO 74
NODO 75
NODO 76
NODO 77
NODO 78
NODO 79
NODO 80
NODO 81
NODO 82
NODO 83
NODO 84
NODO 85
NODO 86
NODO 87
NODO 88
NODO 89
NODO 90
NODO 91
NODO 92
NODO 93
NODO 94
NODO 95
NODO 96
NODO 97
NODO 98
NODO 99
NODO 100
NODO 101
NODO 102
NODO 103
NODO 104
NODO 105
NODO 106
NODO 107
NODO 108
NODO 109
NODO 110
NODO 111
NODO 112
NODO 113
NODO 114
NODO 115
NODO 116
NODO 117
NODO 118
NODO 119
NODO 120
NODO 121
NODO 122
NODO 123
NODO 124
NODO 125
NODO 126
NODO 127
NODO 128
NODO 129
NODO 130
NODO 131
NODO 132
NODO 133
NODO 134
NODO 135
NODO 136
NODO 137
NODO 138
NODO 139
NODO 140
NODO 141
NODO 142
NODO 143
NODO 144
NODO 145
NODO 146
NODO 147
NODO 148
NODO 149
NODO 150
NODO 151
NODO 152
NODO 153
NODO 154
NODO 155
NODO 156
NODO 157
NODO 158
NODO 159
NODO 160
NODO 161
NODO 162
NODO 163
NODO 164
NODO 165
NODO 166
NODO 167
NODO 168
NODO 169
NODO 170
NODO 171
NODO 172
NODO 173
NODO 174
NODO 175
NODO 176
NODO 177
NODO 178
NODO 179
NODO 180
NODO 181
NODO 182
NODO 183
NODO 184
NODO 185
NODO 186
NODO 187
NODO 188
NODO 189
NODO 190
NODO 191
NODO 192
NODO 193
NODO 194
NODO 195
NODO 196
NODO 197
NODO 198
NODO 199
NODO 200
NODO 201
NODO 202
NODO 203
NODO 204
NODO 205
NODO 206
NODO 207
NODO 208
NODO 209
NODO 210
NODO 211
NODO 212
NODO 213
NODO 214
NODO 215
NODO 216
NODO 217
NODO 218
NODO 219
NODO 220
NODO 221
NODO 222
NODO 223
NODO 224
NODO 225
NODO 226
NODO 227
NODO 228
NODO 229
NODO 230
NODO 231
NODO 232
NODO 233
NODO 234
NODO 235
NODO 236
NODO 237
NODO 238
NODO 239
NODO 240
NODO 241
NODO 242
NODO 243
NODO 244
NODO 245
NODO 246
NODO 247
NODO 248
NODO 249
NODO 250
NODO 251
NODO 252
NODO 253
NODO 254
NODO 255
