*Vedere [PhisErr.Txt] per informazioni sulla mappatura degli errori

#0
POWER FAIL
1
2
3
4
5
6
7
8
9
10
11
12
13
14
15
16
CANOPEN FIELDBUS ERROR
ETHERCAT FIELDBUS ERROR
19
OPTIONS CONFIGURATION ERROR
CONTACT ESA SERVICE
SYSTEM ERROR PID
ньханвмше дюммше люьхмш
мскебюъ йнмтхцспюжхъ
вос гюакнйхпнбюм
PLC ашярпши TIMEOUT
27
PLC ледкеммши TIMEOUT
ньхайю гюцпсгйх PLC
PLC гюакнйхпнбюм
31
нЬХАЙЮ I/O: CRC
нЬХАЙЮ I/O: TIMEOUT
нЬХАЙЮ I/O: NACK
нЬХАЙЮ I/O: INVALID ID
36
37
нЬХАЙЮ I/O: RX not READY
нЬХАЙЮ I/O: наыюъ ньхайю
нЬХАЙЮ I/O: гюохршбюмхе сгкю KO
нЬХАЙЮ I/O: бшунд гюыхыем
нЬХАЙЮ I/O: мер 24 бнкэр
нЬХАЙЮ I/O: ADC BUSY
44
45
нЬХАЙЮ I/O: нрясрярбсер йюпрю
47
48
49
50
51
52
53
54
55
56
57
58
59
60
61
62
63
V+12 опебшьем онпнц
V-12 опебшьем онпнц
V щмйндеп опебшьем онпнц
V аюрюпеъ опебшьем онпнц
68
69
70
релоепюрспю опебшьем онпнц
ярнийю1 V+12 опебшьем онпнц
ярнийю1 V-12 опебшьем онпнц
ярнийю1 V щмйндеп опебшьем онпнц
ярнийю1 V опебшьем онпнц
76
77
78
ярнийю1 релоепюрспю опебшьем онпнц
ярнийю2 V+12 опебшьем онпнц
ярнийю2 V-12 опебшьем онпнц
ярнийю2 V щмйндеп опебшьем онпнц
ярнийю2 V опебшьем онпнц
84
85
86
ярнийю2 релоепюрспю опебшьем онпнц
ярнийю3 V+12 опебшьем онпнц
ярнийю3 V-12 опебшьем онпнц
ярнийю3 V щмйндеп опебшьем онпнц
ярнийю3 V опебшьем онпнц
92
93
94
ярнийю3 релоепюрспю опебшьем онпнц
ANEXP BUSY
ANEXP 24 VOLT опебшьем онпнц
