*Vedere [PhisErr.Txt] per informazioni sulla mappatura degli errori

#0
POWER FAIL
1
2
3
4
5
6
7
8
9
10
11
12
13
14
15
16
CANOPEN FIELDBUS ERROR
ETHERCAT FIELDBUS ERROR
19
ERRORE CONFIGURAZIONE OPZIONI
CONTACT ESA SERVICE
SYSTEM ERROR PID
DONNEES MACHINE ERRONEES
NULL CONFIGURATION
CN EN BLOC
PLC RAPIDE TIMEOUT
27
PLC LENT TIMEOUT
ERRUTE CHARGEMENT PLC
PLC EN BLOC
31
Erreur E/S: CRC
Erreur E/S: TEMPORISATION
Erreur E/S: NACK
Erreur E/S: INVALID ID
36
37
Erreur E/S: RX not READY
Erreur E/S: ERREUR GÉNÉRIQUE
Erreur E/S: ALIMENTATION NOEUD KO
Erreur E/S: SORTIE EN PROTECTION
Erreur E/S: 24 VOLT ABSENTE
Erreur E/S: ADC BUSY
44
45
Erreur E/S: FICHE ABSENTE
47
48
49
50
51
52
53
54
55
56
57
58
59
60
61
62
63
V+12 HORS SEUIL
V-12 HORS SEUIL
V CODEUR HORS SEUIL
V BATTERIE HORS SEUIL
68
69
70
TEMPERATURE HORS SEUIL
RACK1 V+12 HORS SEUIL
RACK1 V-12 HORS SEUIL
RACK1 V CODEUR HORS SEUIL
RACK1 V HORS SEUIL
76
77
78
RACK1 TEMPERATURE HORS SEUIL
RACK2 V+12 HORS SEUIL
RACK2 V-12 HORS SEUIL
RACK2 V CODEUR HORS SEUIL
RACK2 V HORS SEUIL
84
85
86
RACK2 TEMPERATURE HORS SEUIL
RACK3 V+12 HORS SEUIL
RACK3 V-12 HORS SEUIL
RACK3 V CODEUR HORS SEUIL
RACK3 V HORS SEUIL
92
93
94
RACK3 TEMPERATURE HORS SEUIL
ANEXP BUSY
ANEXP 24 V HORS SEUIL
