*Vedere [PhisErr.Txt] per informazioni sulla mappatura degli errori

#0
POWER FAIL
1
2
3
4
5
6
7
8
9
10
11
12
13
14
15
16
CANOPEN FIELDBUS ERROR
ETHERCAT FIELDBUS ERROR
19
OPTIONS CONFIGURATION ERROR
CONTACT ESA SERVICE
SYSTEM ERROR PID
MACHINE DATA WRONG
NULL CONFIGURATION
NC IN BLOCK
FAST PLC TIMEOUT
27
PLC TIMEOUT
PLC LOADING ERROR
PLC STOPPED
31
I/O Error: CRC
I/O Error: TIMEOUT
I/O Error: NACK
I/O Error: INVALID ID
36
37
I/O Error: RX not READY
I/O Error: GENERIC ERROR
I/O Error: NODE POWER SUPPLIER KO
I/O Error: OUTPUT PROTECTED
I/O Error: 24 VOLT NOT PRESENT
I/O Error: ADC BUSY
44
45
I/O Error: BOARD NOT PRESENT
47
48
49
50
51
52
53
54
55
56
57
58
59
60
61
62
63
V+12 OUT OF RANGE
V-12 OUT OF RANGE
V ENCODER OUT OF RANGE
V BATTERY OUT OF RANGE
68
69
70
TEMPERATURE OUT OF RANGE
RACK1 V+12 OUT OF RANGE
RACK1 V-12 OUT OF RANGE
RACK1 V ENCODER OUT OF RANGE
RACK1 V OUT OF RANGE
76
77
78
RACK1 TEMPERATURE OUT OF RANGE
RACK2 V+12 OUT OF RANGE
RACK2 V-12 OUT OF RANGE
RACK2 V ENCODER OUT OF RANGE
RACK2 V OUT OF RANGE
84
85
86
RACK2 TEMPERATURE OUT OF RANGE
RACK3 V+12 OUT OF RANGE
RACK3 V-12 OUT OF RANGE
RACK3 V ENCODER OUT OF RANGE
RACK3 V OUT OF RANGE
92
93
94
RACK3 TEMPERATURE OUT OF RANGE
ANEXP BUSY
ANEXP 24 V OUT OF RANGE
