*Vedere [PhisErr.Txt] per informazioni sulla mappatura degli errori

#0
POWER FAIL
1
2
3
4
5
6
7
8
9
10
11
12
13
14
15
16
CANOPEN FIELDBUS ERROR
ETHERCAT FIELDBUS ERROR
19
ERRORE CONFIGURAZIONE OPZIONI
CONTACT ESA SERVICE
SYSTEM ERROR PID
DATI MACCHINA ERRATI
CONFIGURAZIONE NULLA
CN IN BLOCCO
PLC VELOCE TIMEOUT
27
PLC LENTO TIMEOUT
ERRORE CARICAMENTO PLC
PLC IN BLOCCO
31
Errore I/O: CRC
Errore I/O: TIMEOUT
Errore I/O: NACK
Errore I/O: INVALID ID
36
37
Errore I/O: RX not READY
Errore I/O: ERRORE GENERICO
Errore I/O: ALIMENTAZIONE NODO KO
Errore I/O: USCITA IN PROTEZIONE
Errore I/O: MANCA 24 VOLT
Errore I/O: ADC BUSY
44
45
Errore I/O: SCHEDA NON PRESENTE
47
48
49
50
51
52
53
54
55
56
57
58
59
60
61
62
63
V+12 FUORI SOGLIA
V-12 FUORI SOGLIA
V ENCODER FUORI SOGLIA
V BATTERIA FUORI SOGLIA
68
69
70
TEMPERATURA FUORI SOGLIA
RACK1 V+12 FUORI SOGLIA
RACK1 V-12 FUORI SOGLIA
RACK1 V ENCODER FUORI SOGLIA
RACK1 V FUORI SOGLIA
76
77
78
RACK1 TEMPERATURA FUORI SOGLIA
RACK2 V+12 FUORI SOGLIA
RACK2 V-12 FUORI SOGLIA
RACK2 V ENCODER FUORI SOGLIA
RACK2 V FUORI SOGLIA
84
85
86
RACK2 TEMPERATURA FUORI SOGLIA
RACK3 V+12 FUORI SOGLIA
RACK3 V-12 FUORI SOGLIA
RACK3 V ENCODER FUORI SOGLIA
RACK3 V FUORI SOGLIA
92
93
94
RACK3 TEMPERATURA FUORI SOGLIA
ANEXP BUSY
ANEXP 24 VOLT FUORI SOGLIA
