*Vedere [PhisErr.Txt] per informazioni sulla mappatura degli errori

#0
POWER FAIL
1
2
3
4
5
6
7
8
9
10
11
12
13
14
15
16
CANOPEN FIELDBUS ERROR
ETHERCAT FIELDBUS ERROR
19
ERRORE CONFIGURAZIONE OPZIONI
CONTACT ESA SERVICE
SYSTEM ERROR PID
DATOS MAQUINA ERRONEOS
NULL CONFIGURATION
CN BLOQUEADO
PLC RAPIDO TIMEOUT
27
PLC TIMEOUT
PLC LOADING ERROR
PLC BLOQUEADO
31
Error I/O: CRC
Error I/O: TIMEOUT
Error I/O: NACK
Error I/O: INVALID ID
36
37
Error I/O: RX not READY
Error I/O: ERROR GENÉRICO
Error I/O: ALIMENTACION NUDO KO
Error I/O: SALIDA EN PROTECCION
Error I/O: 24 VOLT NO PRESENTE
Error I/O: ADC BUSY
44
45
Error I/O: TARJETA NO PRESENTE
47
48
49
50
51
52
53
54
55
56
57
58
59
60
61
62
63
V+12 FUERA LIMITES
V-12 FUERA LIMITES
V CODIFICADOR FUERA LIMITES
V BATERIA FUERA LIMITES
68
69
70
TEMPERATURA FUERA LIMITES
RACK1 V+12 FUERA LIMITES
RACK1 V-12 FUERA LIMITES
RACK1 V CODIFICADOR FUERA LIMITES
RACK1 V FUERA LIMITES
76
77
78
RACK1 TEMPERATURA FUERA LIMITES
RACK2 V+12 FUERA LIMITES
RACK2 V-12 FUERA LIMITES
RACK2 V CODIFICADOR FUERA LIMITES
RACK2 V FUERA LIMITES
84
85
86
RACK2 TEMPERATURA FUERA LIMITES
RACK3 V+12 FUERA LIMITES
RACK3 V-12 FUERA LIMITES
RACK3 V CODIFICADOR FUERA LIMITES
RACK3 V FUERA LIMITES
92
93
94
RACK3 TEMPERATURA FUERA LIMITES
ANEXP BUSY
ANEXP 24 V FUERA LIMITES
