*Vedere [PhisErr.Txt] per informazioni sulla mappatura degli errori

#0
POWER FAIL
1
2
3
4
5
6
7
8
9
10
11
12
13
14
15
16
CANOPEN FIELDBUS ERROR
ETHERCAT FIELDBUS ERROR
19
OPTIONS CONFIGURATION ERROR
CONTACT ESA SERVICE
SYSTEM ERROR PID
MASCHINENDATEN FALSCH
NULL CONFIGURATION
NC IN SPERRE
SPS SCHNELL TIMEOUT
27
SPS LANGSAM TIMEOUT
LADEFEHLER SPS
SPS IN SPERRE
31
Fehler E/A: CRC
Fehler E/A: TIMEOUT
Fehler E/A: NACK
Fehler E/A: INVALID ID
36
37
Fehler E/A: RX nicht FERTIG
Fehler E/A: ALLGEMEINER FEHLER
Fehler E/A: STROMANSCHLUSS KNOTEN KO
Fehler E/A: AUSGANG GESCHÜTZT
Fehler E/A: 24 VOLT NICHT VORHANDEN
Fehler E/A: ADC BUSY
44
45
Fehler E/A: KARTE NICHT VORHANDEN
47
48
49
50
51
52
53
54
55
56
57
58
59
60
61
62
63
V+12 AUSSERHALB SCHWELLE
V-12 AUSSERHALB SCHWELLE
V CODIERER AUSSERHALB SCHWELLE
V BATTERIE AUSSERHALB SCHWELLE
68
69
70
TEMPERATUR AUSSERHALB SCHWELLE
RACK1 V+12 AUSSERHALB SCHWELLE
RACK1 V-12 AUSSERHALB SCHWELLE
RACK1 V CODIERER AUSSERHALB SCHWELLE
RACK1 V AUSSERHALB SCHWELLE
76
77
78
RACK1 TEMPERATUR AUSSERHALB SCHWELLE
RACK2 V+12 AUSSERHALB SCHWELLE
RACK2 V-12 AUSSERHALB SCHWELLE
RACK2 V CODIERER AUSSERHALB SCHWELLE
RACK2 V AUSSERHALB SCHWELLE
84
85
86
RACK2 TEMPERATUR AUSSERHALB SCHWELLE
RACK3 V+12 AUSSERHALB SCHWELLE
RACK3 V-12 AUSSERHALB SCHWELLE
RACK3 V CODIERER AUSSERHALB SCHWELLE
RACK3 V AUSSERHALB SCHWELLE
92
93
94
RACK3 TEMPERATUR AUSSERHALB SCHWELLE
ANEXP BUSY
ANEXP 24 V AUSSERHALB SCHWELLE
