*Vedere [PhisErr.Txt] per informazioni sulla mappatura degli errori

#0
AWARIA ZASILANIA
1
2
3
4
5
6
7
8
9
10
11
12
13
14
15
16
CANOPEN FIELDBUS ERROR
ETHERCAT FIELDBUS ERROR
19
OPTIONS CONFIGURATION ERROR
CONTACT ESA SERVICE
SYSTEM ERROR PID
NIEPRAWIDLOWE DANE OBRÓBKI
KONFIGURACJA ZERO
NC W BLOKU
FAST PLC PRZERWA
27
PLC PRZERWA
PLC BLAD WCZYTYWANIA
PLC ZATRZYMANE
31
I/O Error: CRC
I/O Error: PRZERWA
I/O Error: NACK
I/O Error: NIEPRAWIDLOWE ID
36
37
I/O Error: RX NIEGOTOWE
I/O Error: BLAD OGÓLNY
I/O Error: BRAK ZASILANIA WÊZLA
I/O Error: WYJSCIE ZABEZPIECZONE
I/O Error: BRAK 24 VOLT
I/O Error: ZAJETY ADC
44
45
I/O Error: BRAK UKLADU
47
48
49
50
51
52
53
54
55
56
57
58
59
60
61
62
63
V+12 POZA ZAKRESEM
V-12 POZA ZAKRESEM
V ENCODER POZA ZAKRESEM
V BATERIA POZA ZAKRESEM
68
69
70
TEMPERATURA POZA ZAKRESEM
RACK1 V+12 POZA ZAKRESEM
RACK1 V-12 POZA ZAKRESEM
RACK1 V ENCODER POZA ZAKRESEM
RACK1 V POZA ZAKRESEM
76
77
78
RACK1 TEMPERATURA POZA ZAKRESEM
RACK2 V+12 POZA ZAKRESEM
RACK2 V-12 POZA ZAKRESEM
RACK2 V ENCODER POZA ZAKRESEM
RACK2 V POZA ZAKRESEM
84
85
86
RACK2 TEMPERATURA POZA ZAKRESEM
RACK3 V+12 POZA ZAKRESEM
RACK3 V-12 POZA ZAKRESEM
RACK3 V ENCODER POZA ZAKRESEM
RACK3 V POZA ZAKRESEM
92
93
94
RACK3 TEMPERATURA POZA ZAKRESEM
ANEXP ZAJÊTY
ANEXP 24 V POZA ZAKRESEM
