* Hata listesi hakkinda bilgi icin [PhisErr.Txt] bakiniz

#0
GUC HATASÝ
1
2
3
4
5
6
7
8
9
10
11
12
13
14
15
16
CANOPEN FIELDBUS ERROR
ETHERCAT FIELDBUS ERROR
19
OPTIONS CONFIGURATION ERROR
CONTACT ESA SERVICE
SYSTEM ERROR PID
HATALÝ MAKÝNE VERÝLERÝ
KONFÝGURASYON YOK
BLOK OLARAK CN
SURATLÝ PLC TÝMEOUT
27
YAVAS PLC TÝMEOUT
PLC YUKLEME HATASÝ
BLOK HALÝNDE PLC
31
Hata Ý/O: CRC
Hata Ý/O: TÝMEOUT
Hata Ý/O: NACK
Hata Ý/O: ÝD GECERLÝ DEGÝL
36
37
Hata Ý/O: RX Hazir DEGÝL
Hata Ý/O: GENEL HATA
HATA Ý/O: TEDARÝK DUGUMU COKTU
HATA Ý/O: KORUMADA CÝKÝS
HATA Ý/O: 24 VOLT YOK
HATA Ý/O: ADC MESGUL
44
45
HATA Ý/O: KART YOK
47
48
49
50
51
52
53
54
55
56
57
58
59
60
61
62
63
V+12 ESÝK DÝSÝNDA
V-12 ESÝK DÝSÝNDA
V ENCODER ESÝK DÝSÝNDA
V BATARYA ESÝK DÝSÝNDA
68
69
70
SÝCAKLK ESÝK DÝSÝNDA
KREMAYER1 V+12 ESÝK DÝSÝ
KREMAYER1 V-12 ESÝK DÝSÝ
KREMAYER1 V ENCODER ESÝK DÝSÝ
KREMAYER1 V ESÝK DÝSÝ
76
77
78
KREMAYER1 SÝCAKLÝK ESÝK DÝSÝ
KREMAYER2 V+12 ESÝK DÝSÝ
KREMAYER2 V-12 SÝK DÝSÝ
KREMAYER2 V ENCODER ESÝK DÝSÝ
KREMAYER2 V ESÝK DÝSÝ
84
85
86
KREMAYER2 SÝCAKLÝK ESÝK DÝSÝ
KREMAYER3 V+12 ESÝK DÝSÝ
KREMAYER3 V-12 ESÝK DÝSÝ
KREMAYER3 V ENCODER ESÝK DÝSÝ
KREMAYER3 V ESÝK DÝSÝ
92
93
94
KREMAYER3 SÝCAKLÝK ESÝK DÝSÝ
ANEXP MESGUL
ANEXP 24 VOLT ESÝK DÝSÝ
