*Vedere [RunErr.Txt] per informazioni sulla mappatura degli errori

#0
等待字符[
错误注册号
功能无效
参数:字符无效
IF:等待字符 =
JSR:子程序等级错误
RET:子程序排列错误
功能无效
太多可执行M功能
不带有G2/G3的范围
不常用范围
频道格式化错误
频道锁定
不存在固定循环
过多括号级别 (
定位:等待字符 =
等待CR字符
更改可操作模式
JMP:锁定编号未发现
程序未找到
内部处理错误
目标超范围
轴未配置
轴未配置
选择面错误
无效轴
操作步骤错误
报警状态下轴
进料错误
模具半径错误
%标记未找到
切割激活面或侧面
轴无编码器
无编号地址
SQRT:负值
TAN: 不确定值
ASIN, ACOS:目标超范围
以0分界
未使用地址
无地址编号
G地址上参数
不带有M2-M30的程序
使用不兼容轴
轴RPM过高
Z轴速>最大频道速度
G18激光矫正
模具尺寸类型不操作
传输队列终止
自由压缩队列终止
轮廓半径小于模具半径
最终弧度点不稳定
路径不可用
截面不存在
角度不存在
非法操作
部分或弧度之间插入截面
不可用轮廓连接:用G0
线性部分外切
圆弧外切
等待字符 ]
值过高
文件路径错误
模具描述错误
过多参数
该区域过多字符
在^后等待
不存在注册器定位
目标不存在
SPC编码未识别
APND锁定静态碰撞
参照使用手册
CFC:子程序未找到
CFC:错误参数
CFC:错误来源
CFC:无来源
CFC:关闭错误
CFC:未指定
CFC: <排除故障1>
CFC: (参阅使用手册)
CFC: 任务成功完成
CVB: 未知项目
CVB: 错误来源
CVB:无来源
CVB:关闭错误
CVB:管道折裂
CVB:从死机中恢复/意外EOF
CVB: 未指定
CVB: <排除故障 1>
CVB: (参阅使用手册)
CVB: 任务成功完成
<未使用>
<未使用>
APIO: 无来源
APIO: 关闭错误
APIO: 未指定
APIO: <排除故障 1>
APIO: (参阅使用手册)
APIO: 任务成功完成
XCL: 未知项目
XCL: 错误来源
XCL: 无来源
XCL: 关闭错误
XCL: 管道折裂
XCL: 从死机中恢复/意外EOF
XCL: 未指定
XCL: <排除故障 1>
XCL: (参阅使用手册)
XCL: 任务成功完成
XAM: 未知项目
XAM: 错误来源
XAM: 无来源
XAM: 关闭错误
XAM: 管道折裂
XAM: 从死机中恢复/意外EOF
XAM: 未指定
XAM: <排除故障 1>
XAM: (参阅使用手册)
XAM: 任务成功完成
PAD: 未知项目
PAD: 错误来源
PAD: 无来源
PAD: 关闭错误
PAD: 管道折裂
PAD: 从死机中恢复/意外EOF
PAD: 未指定
PAD: <排除故障 1>
PAD: (参阅使用手册)
PAD: 任务成功完成
PG2: 未知项目
PG2: 错误来源
PG2: 无来源
PG2: 关闭错误
PG2: 管道折裂
PG2: 从死机中恢复/意外EOF
PG2: 未指定
PG2: <排除故障 1>
PG2: (参阅使用手册)
PG2: 任务成功完成
WARP: 未知项目
WARP: 错误来源
WARP: 无来源
WARP: 关闭错误
WARP: 管道折裂
WARP: 从死机中恢复/意外EOF
WARP: 未指定
WARP: <排除故障 1>
WARP: (参阅使用手册)
WARP: 任务成功完成
PAG: 未知项目
PAG: 错误来源
PAG: 无来源
PAG: 关闭错误
PAG: 管道折裂
PAG: 从死机中恢复/意外EOF
PAG: 未指定
PAG: <排除故障 1>
PAG: (参阅使用手册)
PAG: 任务成功完成
未知错误 编码
轴X目标超范围
轴Y目标超范围
轴Z目标超范围
轴U目标超范围
轴V目标超范围
轴W目标超范围
轴A目标超范围
轴B目标超范围
轴C目标超范围
<未使用>
记录可变定义错误 [标记]
记录可变定义错误 [标记]
记录可变定义错误 [Defcn Var]
记录可变分配错误 [Defcn Var]
记录可变定义错误 [输入]
不可指定输入注册
记录可变定义错误 [输出]
记录可变分配错误 [输出]
记录可变定义错误 [计数输入]
记录可变定义错误 [自动可变]
分配给可变记录的期望值
最大超出尺寸
多次定义标记
无法初始化标记
错误初始化可变值
参数定义系数错误
不可兼容数据类型
不可定义更多标记
未定义标记
指配错误
值分配错误
标记不存在
记录可变定义错误 [计数注册]
预计参数标记
错误超出Defcn注册
参数可变超出数最大值
<未使用>
Out of memory/Memory not awarded
<未使用>
初始错误
<排除故障: TCO: 未知项目>
<排除故障: TCO: 错误来源>
<排除故障: TCO: 无来源>
<排除故障: TCO: 关闭错误>
<排除故障: TCO: 管道折裂>
<排除故障: TCO: 从死机中恢复/意外EOF>
<排除故障: TCO: 未指定>
<排除故障: TCO: <排除故障: 应使用GetExtErr()以获得补充错误信息>>
<排除故障: TCO: (参阅使用手册)>
<排除故障: TCO: 任务成功完成>
XCL: APND锁定静态碰撞
XAM: APND锁定静态碰撞
<排除故障: PMI: 无效op-编码>
<排除故障: PMI: 错误I/O参数>
<排除故障: PMI: 终止信号接受>
<排除故障: PMI: 初始错误>
<排除故障: PMI: 关闭错误>
<排除故障: PMI: 未指定>
<排除故障: PMI: (参阅使用手册)>
<排除故障: PMI: 任务成功完成>
无法找到切割侧数据
不支持数据
错误TWI方向
未定义模具方向
不可定位TCP
不支持THD传送
不能选择切割侧,IJK未给出
切割侧碰撞
XCL:见使用手册
<未使用>
不支持点轴驱动
不连贯间距
不连贯偏角
不支持ICDSID动作
大量切割边vs.机床关系
G00后需要行程锁定
过多非行程锁定
未操作路径轴步序
XCL内部错误
<未使用>
DLE缓冲过流
减速向前:过多非行程锁定
DLE未识别格式
DLE内部管道折裂
DLE内部错误
DLE (参阅使用手册)
<未使用>
<未使用>
<未使用>
<未使用>
TCO: APND锁定静态碰撞
PG2: APND锁定静态碰撞
<未使用>
<未使用>
<未使用>
<未使用>
未用ICDSID定义模具方向
未用ICDSID定义表面
模具点不适合用PADSID的机床
未确定的用PSDSID的模具侧角
不支持PADSID动作
不支持PADCHK动作
探测到表面
机床路径碰撞
<未使用>
TWI编码超范围
THD编码超范围
D编码超范围
TAB编码超范围
<未使用>
xSCMOD所需适合的模具方向
xSCMOD所需适合的表面
xSCMOD未定义模具方向
xSCMOD未定义表面
xSCMOD仅允许G1锁定
ESCMOD引导锁定长度碰撞
xSCMOD唯一锁定长度碰撞
XSCMOD轨道锁定长度碰撞
<未使用>
<未使用>
<未使用>
<未使用>
PAG: Implementation restriction
PAG: Not enough data
PAG: Ambiguous data
PAG: Undetermined solution
PAG: No solution found
PAG: Invalid feed command
<未使用>
<未使用>
<排除故障: PMI:未初始化用户>
<未使用>
Spindle Speed < Min Speed
<未使用>
<未使用>
<未使用>
<未使用>
<未使用>
<未使用>
<未使用>
<未使用>
<未使用>
<未使用>
<未使用>
<未使用>
<未使用>
<未使用>
<未使用>
<未使用>
<未使用>
<未使用>
<未使用>
<未使用>
<未使用>
<未使用>
<未使用>
<未使用>
<未使用>
<未使用>
<未使用>
<未使用>
<未使用>
<未使用>
<未使用>
<未使用>
<未使用>
<未使用>
<未使用>
<未使用>
<未使用>
<未使用>
<未使用>
<未使用>
<未使用>
<未使用>
<未使用>
<未使用>
<未使用>
<未使用>
<未使用>
<未使用>
<未使用>
<未使用>
<未使用>
<未使用>
<未使用>
<未使用>
<未使用>
<未使用>
<未使用>
<未使用>
<未使用>
<未使用>
<未使用>
<未使用>
<未使用>
<未使用>
<未使用>
<未使用>
<未使用>
<未使用>
<未使用>
<未使用>
<未使用>
<未使用>
<未使用>
<未使用>
<未使用>
<未使用>
<未使用>
<未使用>
<未使用>
<未使用>
<未使用>
<未使用>
<未使用>
<未使用>
<未使用>
<未使用>
<未使用>
<未使用>
<未使用>
<未使用>
<未使用>
<未使用>
<未使用>
<未使用>
<未使用>
<未使用>
<未使用>
<未使用>
<未使用>
<未使用>
<未使用>
<未使用>
<未使用>
<未使用>
<未使用>
<未使用>
<未使用>
最大控制结构超范围
如果()和然后必须在同一范围
一个控制结构中不会有终止
没有如果/然后的其它
复制其他状态
控制结构错误
使用,结束,重复在同一范围不可操作
无重复终止
无范围值
重复/终止:跳出结构循环
<未使用>
<未使用>
不可使用锁定搜索信息 (DEFCN)
存储过量步骤: 不可锁定
<未使用>
<未使用>
<未使用>
<未使用>
<未使用>
<未使用>
文件共享错误
不足以处理文件
未知文件错误
<未使用>
模具损坏
<未使用>
<未使用>
<未使用>
Motion command error: see PLC Menu
<未使用>
<未使用>
<未使用>
<未使用>
<未使用>
<未使用>
<未使用>
<未使用>
<未使用>
<未使用>
<未使用>
<未使用>
<未使用>
<未使用>
<未使用>
<未使用>
<未使用>
<未使用>
<未使用>
<未使用>
<未使用>
<未使用>
<未使用>
<未使用>
<未使用>
<未使用>
<未使用>
<未使用>
<未使用>
<未使用>
<未使用>
<未使用>
<未使用>
<未使用>
<未使用>
<未使用>
<未使用>
<未使用>
<未使用>
<未使用>
<未使用>
<未使用>
<未使用>
<未使用>
<未使用>
<未使用>
<未使用>
<未使用>
<未使用>
<未使用>
<未使用>
<未使用>
<未使用>
<未使用>
<未使用>
<未使用>
<未使用>
<未使用>
<未使用>
<未使用>
<未使用>
<未使用>
<未使用>
<未使用>
<未使用>
<未使用>
<未使用>
<未使用>
<未使用>
<未使用>
<未使用>
<未使用>
<未使用>
<未使用>
<未使用>
<未使用>
<未使用>
<未使用>
<未使用>
<未使用>
<未使用>
<未使用>
<未使用>
<未使用>
<排除故障: 不能读取轴范围数据>
<排除故障: 内部错误>
<未使用>
<未使用>
<未使用>
<未使用>
<未使用>
<未使用>
<未使用>
轴X目标测量超范围
轴Y目标测量超范围
轴Z目标测量超范围
轴U目标测量超范围
轴V目标测量超范围
轴W目标测量超范围
轴A目标测量超范围
轴B目标测量超范围
轴C目标测量超范围
<未使用>
<未使用>
<未使用>
<未使用>
<未使用>
<未使用>
<未使用>
<未使用>
<未使用>
<未使用>
<未使用>
<未使用>
<未使用>
<未使用>
<未使用>
<未使用>
<未使用>
<未使用>
<排除故障: 图象输出管道错误>
<排除故障: 未完成TMAPI呼叫>
<未使用>
<未使用>
<未使用>
<排除故障: 图象服务器连接失败>
<排除故障: 图象服务器注册失败>
<排除故障: 图象服务器未连接>
<排除故障: 图象服务器下线>
<未使用>
<未使用>
<排除故障: 已被标记>
<未使用>
<未使用>
<未使用>
<排除故障: 不足以初始化TMAPI>
<排除故障: 一些来源不能被释放>
<排除故障: 未指定>
<未使用>
<未使用>
<排除故障: 见使用手册>
<unused>
<unused>
<unused>
<unused>
SRCVB: SPC out of phase
SRCVB: no records
SRCVB: too many records
SRCVB: G0 not as 1st block
SRCVB: eop found while recording
SRCVB: invalid user extension
<unused>
<unused>
<unused>
<unused>
<SR: Errbase>
SR: Internal error
SR: Unimplemented feature
SR: X feed not monotone
SR: Y feed not monotone
SR: Output Callback failed
SR: Argument singularity
SR: Invalid argument
SR: Parameter error
SR: Missing side face intersection
SR: Stock ranging error
SR: Stock bottom reached
SR: Stock top reached
<unused>
<unused>
<unused>
<unused>
<unused>
<unused>
<unused>
<unused>
<unused>
<unused>
<unused>
<unused>
<排除故障: 未处理轴匹配>
<排除故障: 不完全特性>
<未使用>
<排除故障: 图象多重模具设置空间损坏>
<排除故障: 图象多重模具设置无空间>
<未使用>
<未使用>
<未使用>
<未使用>
<未使用>
<未使用>
<未使用>
<未使用>
<未使用>
<未使用>
<未使用>
<排除故障: 图象服务器配置读取错误>
<未使用>
<未使用>
<未使用>
<未使用>
<未使用>
<未使用>
<未使用>
<未使用>
<未使用>
<未使用>
<未使用>
<未使用>
<未使用>
<未使用>
<未使用>
<排除故障: 压缩写入失败>
<排除故障: 压缩类型错误>
<排除故障: 压缩来源类型错误>
<排除故障: 不能完全压缩值>
<未使用>
<未使用>
<未使用>
<未使用>
<排除故障: 释放写入错误>
<排除故障: 释放类型错误>
<未使用>
<未使用>
<未使用>
<未使用>
<未使用>
<未使用>
<排除故障: 错误状态>
<排除故障: 未知命令>
未识别SPC编码
<未使用>
<未使用>
<未使用>
<未使用>
<未使用>
<未使用>
<未使用>
<未使用>
<未使用>
<未使用>
<未使用>
<未使用>
<未使用>
<排除故障: 不能超过CED,THD或TWI数据>
不足以进行模具匹配
<未使用>
<未使用>
<未使用>
<未使用>
<未使用>
<未使用>
<未使用>
不支持数据
<未使用>
<未使用>
<未使用>
<未使用>
<未使用>
<未使用>
<未使用>
<未使用>
<未使用>
TWI编码超范围
THD编码超范围
D编码超范围
不支持点轴驱动
TAB编码超范围
<未使用>
<未使用>
<未使用>
<未使用>
<未使用>
<未使用>
<未使用>
<未使用>
<未使用>
<未使用>
<未使用>
<未使用>
<未使用>
<未使用>
<未使用>
<未使用>
<未使用>
不支持数据
错误TWI方向
未定义模具方向
无法定位TCP
不支持THD传送
不能选择切割边,IJK未给出
切割边碰撞
<未使用>
<未使用>
<未使用>
<排除故障: 见使用手册>
<未使用>
<未使用>
<未使用>
<未使用>
<未使用>
<未使用>
<未使用>
<未使用>
<未使用>
<未使用>
<未使用>
<未使用>
<未使用>
<排除故障: PassThru输入管道错误>
<未使用>
<未使用>
<未使用>
<未使用>
<排除故障: PassThru服务器下线>
<未使用>
<未使用>
<排除故障: PassThru打开过多文件>
<未使用>
<未使用>
无法找到PassThru执行标签
<排除故障: PassThru频道配置读取错误>
PassThru缓冲器过流
<未使用>
<未使用>
<未使用>
<未使用>
<未使用>
<未使用>
<未使用>
<未使用>
<未使用>
<未使用>
<未使用>
<未使用>
<未使用>
<未使用>
<未使用>
<未使用>
#768
#include "dll?.err"

#1000
#include "chnam.err"
