*Vedere [RunErr.Txt] per informazioni sulla mappatura degli errori

#0
Awaiting character [
Wrong Register Number
Function not valid
Parametrics: character not valid
IF: Awaiting character =
JSR: Wrong Subroutine Nesting Level
RET: Wrong Subroutine Nesting
Function not available
Too many consecutive M functions
Radius without G2/G3
Inconsistent Radius
Channel formatting error
Channel deadlock
Inexistent Fixed Cycle
Too many bracket levels (
Allocation: awaiting character =
Awaiting CR character
Operative mode changed
JMP: Block Number not found
Program not found
Error from external procedure
Target Off Limits
Axis not configured
Spindle not configured
Wrong Plane Selected
Axis not Available
Tapping Step Null
Axis in Alarm status
Feed Null
Tool Radius Null
Symbol % not found
Plane or Side change with CUT Activated
Spindle without Encoder
Address without number
SQRT: Negative subject
TAN: Infinite value
ASIN, ACOS: Subject off range
Division by zero
Address not used
Number without address
Parameter on G address
Program without M2-M30
Interpolation using incompatible axes
Spindle RPM too high
Z axis speed > Max Channel speed
G18 Lathe correction
Type of Tool Geometry not handled
Transmission Queue Terminated
Free Package Queue Terminated
Profile Radius less Tool Radius
Final Arc point inconsistent
The Path cannot be followed
Segment null
Angle null
Operation Illegal
Intersection between segments or arcs
Profilelink not allowed: use G0
Overcut on Linear Segment
Overcut on Circumference Arc
Awaiting character ]
Value too high
File access error
Tool Descriptor wrong
Too many parameters
Too many characters in string fields
Awaiting object after ^
Allocation to inexistent register
Subject inexistent
SPC code not recognized
APND block semantics violation
See manual for explanation
CFC: Subroutine not found
CFC: Wrong parameters
CFC: Error negotiating resources
CFC: No resources
CFC: Shutdown error
CFC: Unspecified
CFC: <DEBUG 1>
CFC: (See Manual for explanation)
CFC: Task accomplished successfully
CVB: Unknown opcode
CVB: Error negotiating resources
CVB: No resources
CVB: Shutdown error
CVB: Broken pipe
CVB: Rescued from deadlock/UnXpected EOF
CVB: Unspecified
CVB: <DEBUG 1>
CVB: (See Manual for explanation)
CVB: Task accomplished successfully
<unused>
<unused>
APIO: No resources
APIO: Shutdown error
APIO: Unspecified
APIO: <DEBUG 1>
APIO: (See Manual for explanation)
APIO: Task accomplished successfully
XCL: Unknown opcode
XCL: Error negotiating resources
XCL: No resources
XCL: Shutdown error
XCL: Broken pipe
XCL: Rescued from deadlock/UnXpected EOF
XCL: Unspecified
XCL: <DEBUG 1>
XCL: (See Manual for explanation)
XCL: Task accomplished successfully
XAM: Unknown opcode
XAM: Error negotiating resources
XAM: No resources
XAM: Shutdown error
XAM: Broken pipe
XAM: Rescued from deadlock/UnXpected EOF
XAM: Unspecified
XAM: <DEBUG 1>
XAM: (See Manual for explanation)
XAM: Task accomplished successfully
RETR: Unknown opcode
RETR: Error negotiating resources
RETR: No resources
RETR: Shutdown error
RETR: Broken pipe
RETR: Rescued from deadlock/UnXpected EOF
RETR: Unspecified
RETR: <DEBUG 1>
RETR: (See Manual for explanation)
RETR: Task accomplished successfully
PG2: Unknown opcode
PG2: Error negotiating resources
PG2: No resources
PG2: Shutdown error
PG2: Broken pipe
PG2: Rescued from deadlock/UnXpected EOF
PG2: Unspecified
PG2: <DEBUG 1>
PG2: (See Manual for explanation)
PG2: Task accomplished successfully
WARP: Unknown opcode
WARP: Error negotiating resources
WARP: No resources
WARP: Shutdown error
WARP: Broken pipe
WARP: Rescued from deadlock/UnXpected EOF
WARP: Unspecified
WARP: <DEBUG 1>
WARP: (See Manual for explanation)
WARP: Task accomplished successfully
PAG: Unknown opcode
PAG: Error negotiating resources
PAG: No resources
PAG: Shutdown error
PAG: Broken pipe
PAG: Rescued from deadlock/UnXpected EOF
PAG: Unspecified
PAG: <DEBUG 1>
PAG: (See Manual for explanation)
PAG: Task accomplished successfully
Unknown error code
Axis X target Off Limits
Axis Y target Off Limits
Axis Z target Off Limits
Axis U target Off Limits
Axis V target Off Limits
Axis W target Off Limits
Axis A target Off Limits
Axis B target Off Limits
Axis C target Off Limits
<unused>
Record variable definition error [symbol]
Record variable definition error [symbol]
Record variable definition error [Defcn Var]
Record variable assignment error [Defcn Var]
Record variable definition error [INPUT]
Unable to assign input register
Record variable definition error [OUT]
Record variable assignment error [OUT]
Record variable definition error [logical input]
Record variable definition error [automatic variable]
Expected value to be assigned to a record variable
Maximum array size overridden
Symbol defined more than once
Unable to initialize arrays
Error initializing variable
Parametric definition syntax error
Incompatible data type
Unable to define more symbols
Undefined symbol
String assignment error
Value assignment error
Symbol does not exist
Record variable definition error [logical register]
Expected parametric symbol
Error acceeding Defcn register
Maximum number of parametric variables overridden
<unused>
Out of memory/Memory not awarded
<unused>
Init error
<DEBUG: TCO: Unknown opcode>
<DEBUG: TCO: Error negotiating resources>
<DEBUG: TCO: No resources>
<DEBUG: TCO: Shutdown error>
<DEBUG: TCO: Broken pipe>
<DEBUG: TCO: Rescued from deadlock/UnXpected EOF>
<DEBUG: TCO: Unspecified>
<DEBUG: TCO: <DEBUG: should have used GetExtErr() to get extended error info>>
<DEBUG: TCO: (See Manual for explanation)>
<DEBUG: TCO: Task accomplished successfully>
XCL: APND Block Semantics Violation
XAM: APND Block Semantics Violation
<DEBUG: PMI: Invalid op-code>
<DEBUG: PMI: Bad I/O Vector Parameters>
<DEBUG: PMI: Terminate Signal Received>
<DEBUG: PMI: Init error>
<DEBUG: PMI: Shutdown error>
<DEBUG: PMI: Unspecified>
<DEBUG: PMI: (See Manual for explanation)>
<DEBUG: PMI: Task accomplished successfully>
Could not find Cut Edge Data
Unsupported Kinematics
Bad TWI orientation
Undefined tool orientation
Unable to locate TCP
Unsupported THD transformation
Could not select cut edge, IJK not given
Cut edge violation
XCL: See manual
Tool orientation violates constraints
Unsupported polar axis driver
Incoherent pitch
Incoherent yaw
Unsupported ICDSID behavior
Ambiguous cut edge vs. machining relationship
Motion block needed after G00
Too many non-motion blocks
Unhandled path axes sequence
XCL internal error
<unused>
DLE buffer overflow
Deceleration Look-Ahead: Too many non-motion blocks
DLE unrecognized format
DLE internal pipe is broken
DLE internal error
DLE (See Manual for explanation)
<unused>
<unused>
<unused>
<unused>
TCO: APND Block Semantics Violation
PG2: APND Block Semantics Violation
<unused>
<unused>
<unused>
<unused>
Undefined tool orientation with ICDSID
Undefined surface vector with ICDSID
Tool pitch not suitable for machining with PADSID
Undetermined tool yaw with PADSID
Unsupported PADSID behavior
Unsupported PADCHK behavior
Surface edge detected
Machining path violation
<unused>
TWI code out of range
THD code out of range
D code out of range
TAB code out of range
<unused>
Suitable tool orientation required with xSCMOD
Suitable surface vector required with xSCMOD
Undefined tool orientation with xSCMOD
Undefined surface vector with xSCMOD
Only G1 blocks allowed with xSCMOD
Leading block length violation with ESCMOD
Unique block length violation with xSCMOD
Trailing block length violation with XSCMOD
<unused>
<unused>
<unused>
<unused>
PAG: Implementation restriction
PAG: Not enough data
PAG: Ambiguous data
PAG: Undetermined solution
PAG: No solution found
PAG: Invalid feed command
<unused>
<unused>
<DEBUG: PMI: Uninitialized User Extension>
<unused>
Spindle Speed < Min Speed
<unused>
<unused>
<unused>
<unused>
<unused>
<unused>
<unused>
<unused>
<unused>
<unused>
<unused>
<unused>
<unused>
<unused>
<unused>
<unused>
<unused>
<unused>
<unused>
<unused>
<unused>
<unused>
<unused>
<unused>
<unused>
<unused>
<unused>
<unused>
<unused>
<unused>
<unused>
<unused>
<unused>
<unused>
<unused>
<unused>
<unused>
<unused>
<unused>
<unused>
<unused>
<unused>
<unused>
<unused>
<unused>
<unused>
<unused>
<unused>
<unused>
<unused>
<unused>
<unused>
<unused>
<unused>
<unused>
<unused>
<unused>
<unused>
<unused>
<unused>
<unused>
<unused>
<unused>
<unused>
<unused>
<unused>
<unused>
<unused>
<unused>
<unused>
<unused>
<unused>
<unused>
<unused>
<unused>
<unused>
<unused>
<unused>
<unused>
<unused>
<unused>
<unused>
<unused>
<unused>
<unused>
<unused>
<unused>
<unused>
<unused>
<unused>
<unused>
<unused>
<unused>
<unused>
<unused>
<unused>
<unused>
<unused>
<unused>
<unused>
<unused>
<unused>
<unused>
<unused>
<unused>
<unused>
<unused>
Maximum number of control structures overridden
IF () and THEN must be on the same block
BREAK was not issued inside a control structure
ELSE without IF/THEN
Duplicate ELSE statement
Control structures misalignment
ENDW,ENDFOR,REPEAT must not be followed by statements on the same block
UNTIL without REPEAT
FOR without range value
RPT/BREAK: attempt to jump outside structured cycle
<unused>
<unused>
Can't retrieve Block Search information (DEFCN)
Overstore procedure:  motion blocks are NOT allowed
<unused>
<unused>
<unused>
<unused>
<unused>
<unused>
File sharing violation
Not enough core to handle file
Unknown file error
<unused>
Tool is worn out
<unused>
<unused>
<unused>
Motion command error: see PLC Menu
<unused>
<unused>
<unused>
<unused>
<unused>
<unused>
<unused>
<unused>
<unused>
<unused>
<unused>
<unused>
<unused>
<unused>
<unused>
<unused>
<unused>
<unused>
<unused>
<unused>
<unused>
<unused>
<unused>
<unused>
<unused>
<unused>
<unused>
<unused>
<unused>
<unused>
<unused>
<unused>
<unused>
<unused>
<unused>
<unused>
<unused>
<unused>
<unused>
<unused>
<unused>
<unused>
<unused>
<unused>
<unused>
<unused>
<unused>
<unused>
<unused>
<unused>
<unused>
<unused>
<unused>
<unused>
<unused>
<unused>
<unused>
<unused>
<unused>
<unused>
<unused>
<unused>
<unused>
<unused>
<unused>
<unused>
<unused>
<unused>
<unused>
<unused>
<unused>
<unused>
<unused>
<unused>
<unused>
<unused>
<unused>
<unused>
<unused>
<unused>
<unused>
<unused>
<unused>
<unused>
<DEBUG: Could not read axes boundaries data>
<DEBUG: Internal error>
<unused>
<unused>
<unused>
<unused>
<unused>
<unused>
<unused>
Axis X target measure out of range
Axis Y target measure out of range
Axis Z target measure out of range
Axis U target measure out of range
Axis V target measure out of range
Axis W target measure out of range
Axis A target measure out of range
Axis B target measure out of range
Axis C target measure out of range
<unused>
<unused>
<unused>
<unused>
<unused>
<unused>
<unused>
<unused>
<unused>
<unused>
<unused>
<unused>
<unused>
<unused>
<unused>
<unused>
<unused>
<unused>
<DEBUG: Graphics output pipe error>
<DEBUG: Unimplemented TMAPI call>
<unused>
<unused>
<unused>
<DEBUG: Graphics server connection pending>
<DEBUG: Graphics server login failed>
<DEBUG: Graphics server no pending connection>
<DEBUG: Graphics server is down>
<unused>
<unused>
<DEBUG: Term has been signaled by the Kernel>
<unused>
<unused>
<unused>
<DEBUG: Not enough core to initialize TMAPI>
<DEBUG: Some resources could not be freed>
<DEBUG: Unspecified>
<unused>
<unused>
<DEBUG: See manual>
<unused>
<unused>
<unused>
<unused>
SRCVB: SPC out of phase
SRCVB: no records
SRCVB: too many records
SRCVB: G0 not as 1st block
SRCVB: eop found while recording
SRCVB: invalid user extension
<unused>
<unused>
<unused>
<unused>
<SR: Errbase>
SR: Internal error
SR: Unimplemented feature
SR: X feed not monotone
SR: Y feed not monotone
SR: Output Callback failed
SR: Argument singularity
SR: Invalid argument
SR: Parameter error
SR: Missing side face intersection
SR: Stock ranging error
SR: Stock bottom reached
SR: Stock top reached
<unused>
<unused>
<unused>
<unused>
<unused>
<unused>
<unused>
<unused>
<unused>
<unused>
<unused>
<unused>
<DEBUG: Unhandled axes matching>
<DEBUG: Unimplemented feature>
<unused>
<DEBUG: GRAPH Multitool setup has bad freecells>
<DEBUG: GRAPH Multitool setup has NO freecells>
<unused>
<unused>
<unused>
<unused>
<unused>
<unused>
<unused>
<unused>
<unused>
<unused>
<unused>
<DEBUG: Graphics server config read error>
<unused>
<unused>
<unused>
<unused>
<unused>
<unused>
<unused>
<unused>
<unused>
<unused>
<unused>
<unused>
<unused>
<unused>
<unused>
<DEBUG: Packed write failed>
<DEBUG: Packed dest type wrong>
<DEBUG: Packed source type wrong>
<DEBUG: Cannot round packed value>
<unused>
<unused>
<unused>
<unused>
<DEBUG: Unpacked write failed>
<DEBUG: Unpacked dest type wrong>
<unused>
<unused>
<unused>
<unused>
<unused>
<unused>
<DEBUG: Bad semantics>
<DEBUG: Unknown command>
Unrecognized SPC code
<unused>
<unused>
<unused>
<unused>
<unused>
<unused>
<unused>
<unused>
<unused>
<unused>
<unused>
<unused>
<unused>
<DEBUG: Could not acceed CED, THD or TWI data>
Not enough core for tool caching
<unused>
<unused>
<unused>
<unused>
<unused>
<unused>
<unused>
Unsupported Kinematics
<unused>
<unused>
<unused>
<unused>
<unused>
<unused>
<unused>
<unused>
<unused>
TWI code out of range
THD code out of range
D code out of range
Unsupported polar axis driver
TAB code out of range
<unused>
<unused>
<unused>
<unused>
<unused>
<unused>
<unused>
<unused>
<unused>
<unused>
<unused>
<unused>
<unused>
<unused>
<unused>
<unused>
<unused>
Unsupported Kinematics
Bad TWI orientation
Undefined tool orientation
Unable to locate TCP
Unsupported THD transformation
Could not select cut edge, IJK not given
Cut edge violation
<unused>
<unused>
<unused>
<DEBUG: See manual>
<unused>
<unused>
<unused>
<unused>
<unused>
<unused>
<unused>
<unused>
<unused>
<unused>
<unused>
<unused>
<unused>
<DEBUG: PassThru input pipe error>
<unused>
<unused>
<unused>
<unused>
<DEBUG: PassThru server is down>
<unused>
<unused>
<DEBUG: PassThru has too many locally open files>
<unused>
<unused>
Cannot seek to a label with PassThru execution
<DEBUG: PassThru channel config read error>
PassThru Buffer Overflow
<unused>
<unused>
<unused>
<unused>
<unused>
<unused>
<unused>
<unused>
<unused>
<unused>
<unused>
<unused>
<unused>
<unused>
<unused>
<unused>
#768
#include "dll?.err"

#1000
#include "chnam.err"
